332.68 0.0800002
643.369 0.16
986.647 0.24
1344.73 0.32
1708.68 0.4
2074.03 0.48
2438.48 0.56
2800.85 0.64
3241.54 0.72
3585.51 0.8
3897.38 0.88
4190.31 0.96
4426.38 1.04
4735.54 1.12
5009.84 1.2
5228.71 1.28
5465.07 1.36
5747.28 1.44
5912.41 1.52
6058.82 1.6
6197.75 1.68
6331.75 1.76
6439.62 1.84
6580.08 1.92
6704.56 2
6822.03 2.08
6935.4 2.16
7045.68 2.24
7153.62 2.32
7259.31 2.4
7362.68 2.48
7463.84 2.56
7517.77 2.64
7530.66 2.72
7544.87 2.8
7559.6 2.88
7574.49 2.96
7589.35 3.04
7607.49 3.12
7619.82 3.2
7632.6 3.28
7645.49 3.36
7661.51 3.44
7672.68 3.52
7684.46 3.6
7697.42 3.68
7704.65 3.76
7712.15 3.84
7719.73 3.92
7727.29 4
7734.78 4.08
7742.17 4.16
7749.46 4.24
7756.67 4.32
7763.81 4.4
7770.89 4.48
7777.91 4.56
7784.86 4.64
7791.76 4.72
7798.61 4.8
7805.4 4.88
7812.13 4.96
7818.82 5.04
7825.44 5.12
7832.01 5.2
7838.52 5.28
7844.98 5.36
7851.38 5.44
7857.71 5.52
7863.99 5.6
7870.21 5.68
7877.35 5.76
7881.23 5.84
7885.23 5.92
7889.26 6
7893.28 6.08
7897.27 6.16
7901.23 6.24
7906.11 6.32
7909.49 6.4
7913.07 6.48
7916.74 6.56
7920.43 6.64
7924.13 6.72
7927.81 6.8
7931.47 6.88
7935.1 6.96
7938.7 7.04
7942.28 7.12
7945.82 7.2
7949.34 7.28
7952.83 7.36
7956.3 7.44
7959.75 7.52
7963.19 7.6
7966.62 7.68
7970.04 7.76
7973.45 7.84
7976.85 7.92
7980.24 8
